#
# There is insufficient memory for the Java Runtime Environment to continue.
# Native memory allocation (mmap) failed to map 226492416 bytes for committing reserved memory.
# Possible reasons:
#   The system is out of physical RAM or swap space
#   The process is running with CompressedOops enabled, and the Java Heap may be blocking the growth of the native heap
# Possible solutions:
#   Reduce memory load on the system
#   Increase physical memory or swap space
#   Check if swap backing store is full
#   Decrease Java heap size (-Xmx/-Xms)
#   Decrease number of Java threads
#   Decrease Java thread stack sizes (-Xss)
#   Set larger code cache with -XX:ReservedCodeCacheSize=
#   JVM is running with Unscaled Compressed Oops mode in which the Java heap is
#     placed in the first 4GB address space. The Java Heap base address is the
#     maximum limit for the native heap growth. Please use -XX:HeapBaseMinAddress
#     to set the Java Heap base and to place the Java Heap above 4GB virtual address.
# This output file may be truncated or incomplete.
#
#  Out of Memory Error (os_linux.cpp:2852), pid=14001, tid=14014
#
# JRE version: OpenJDK Runtime Environment (11.0.6+10) (build 11.0.6+10-post-Ubuntu-1ubuntu118.04.1)
# Java VM: OpenJDK 64-Bit Server VM (11.0.6+10-post-Ubuntu-1ubuntu118.04.1, mixed mode, sharing, tiered, compressed oops, g1 gc, linux-amd64)
# Core dump will be written. Default location: Core dumps may be processed with "/usr/share/apport/apport %p %s %c %d %P %E" (or dumping to /home/madlen/TUES/11/OOP/java/Homework1/core.14001)
#

---------------  S U M M A R Y ------------

Command Line: -javaagent:/home/madlen/Downloads/idea-U/lib/idea_rt.jar=45281:/home/madlen/Downloads/idea-U/bin -Dfile.encoding=UTF-8 tues.Main

Host: Intel(R) Pentium(R) CPU  N3710  @ 1.60GHz, 4 cores, 3G, Ubuntu 18.04.4 LTS
Time: Wed Apr  1 23:40:00 2020 EEST elapsed time: 63 seconds (0d 0h 1m 3s)

---------------  T H R E A D  ---------------

Current thread (0x00007fc28c121800):  VMThread "VM Thread" [stack: 0x00007fc274208000,0x00007fc274308000] [id=14014]

Stack: [0x00007fc274208000,0x00007fc274308000],  sp=0x00007fc274305e40,  free space=1015k
Native frames: (J=compiled Java code, A=aot compiled Java code, j=interpreted, Vv=VM code, C=native code)
V  [libjvm.so+0xdefa33]
V  [libjvm.so+0xdf06bb]
V  [libjvm.so+0x6508a5]
V  [libjvm.so+0xbc9608]
V  [libjvm.so+0xbc161d]
V  [libjvm.so+0x76ed4f]
V  [libjvm.so+0x76efbe]
V  [libjvm.so+0x77b030]
V  [libjvm.so+0x7f6359]
V  [libjvm.so+0x7f6fb2]
V  [libjvm.so+0x7f7419]
V  [libjvm.so+0x72d4df]
V  [libjvm.so+0x7321da]
V  [libjvm.so+0xdfba01]
V  [libjvm.so+0xdfa5c8]
V  [libjvm.so+0xdf7db6]
V  [libjvm.so+0xdf82c0]
V  [libjvm.so+0xdf8743]
V  [libjvm.so+0xd7f20a]
V  [libjvm.so+0xbcf1fe]

VM_Operation (0x00007fc294f744c0): G1CollectForAllocation, mode: safepoint, requested by thread 0x00007fc28c016000


---------------  P R O C E S S  ---------------

Threads class SMR info:
_java_thread_list=0x00007fc2440029c0, length=11, elements={
0x00007fc28c016000, 0x00007fc28c124800, 0x00007fc28c126800, 0x00007fc28c12c000,
0x00007fc28c12e000, 0x00007fc28c130000, 0x00007fc28c132000, 0x00007fc28c140000,
0x00007fc28c1e1800, 0x00007fc28c1e3800, 0x00007fc244001000
}

Java Threads: ( => current thread )
  0x00007fc28c016000 JavaThread "main" [_thread_blocked, id=14003, stack(0x00007fc294e75000,0x00007fc294f76000)]
  0x00007fc28c124800 JavaThread "Reference Handler" daemon [_thread_blocked, id=14016, stack(0x00007fc274105000,0x00007fc274206000)]
  0x00007fc28c126800 JavaThread "Finalizer" daemon [_thread_blocked, id=14018, stack(0x00007fc274004000,0x00007fc274105000)]
  0x00007fc28c12c000 JavaThread "Signal Dispatcher" daemon [_thread_blocked, id=14021, stack(0x00007fc26c15f000,0x00007fc26c260000)]
  0x00007fc28c12e000 JavaThread "C2 CompilerThread0" daemon [_thread_blocked, id=14022, stack(0x00007fc26c05e000,0x00007fc26c15f000)]
  0x00007fc28c130000 JavaThread "C1 CompilerThread0" daemon [_thread_blocked, id=14024, stack(0x00007fc25ebff000,0x00007fc25ed00000)]
  0x00007fc28c132000 JavaThread "Sweeper thread" daemon [_thread_blocked, id=14026, stack(0x00007fc25eafe000,0x00007fc25ebff000)]
  0x00007fc28c140000 JavaThread "Common-Cleaner" daemon [_thread_blocked, id=14031, stack(0x00007fc25e9fd000,0x00007fc25eafe000)]
  0x00007fc28c1e1800 JavaThread "Monitor Ctrl-Break" daemon [_thread_in_native, id=14032, stack(0x00007fc25e4d4000,0x00007fc25e5d5000)]
  0x00007fc28c1e3800 JavaThread "Service Thread" daemon [_thread_blocked, id=14033, stack(0x00007fc25e3d3000,0x00007fc25e4d4000)]
  0x00007fc244001000 JavaThread "Attach Listener" daemon [_thread_blocked, id=14035, stack(0x00007fc25e1d0000,0x00007fc25e2d1000)]

Other Threads:
=>0x00007fc28c121800 VMThread "VM Thread" [stack: 0x00007fc274208000,0x00007fc274308000] [id=14014]
  0x00007fc28c1e5000 WatcherThread [stack: 0x00007fc25e2d3000,0x00007fc25e3d3000] [id=14034]
  0x00007fc28c02e800 GCTaskThread "GC Thread#0" [stack: 0x00007fc290c54000,0x00007fc290d54000] [id=14004]
  0x00007fc254001000 GCTaskThread "GC Thread#1" [stack: 0x00007fc25decd000,0x00007fc25dfcd000] [id=14044]
  0x00007fc28c049000 ConcurrentGCThread "G1 Main Marker" [stack: 0x00007fc2901c0000,0x00007fc2902c0000] [id=14008]
  0x00007fc28c04a800 ConcurrentGCThread "G1 Conc#0" [stack: 0x00007fc2900be000,0x00007fc2901be000] [id=14009]
  0x00007fc28c08c800 ConcurrentGCThread "G1 Refine#0" [stack: 0x00007fc27440c000,0x00007fc27450c000] [id=14012]
  0x00007fc264001000 ConcurrentGCThread "G1 Refine#1" [stack: 0x00007fc25ddcb000,0x00007fc25decb000] [id=14045]
  0x00007fc21c001000 ConcurrentGCThread "G1 Refine#2" [stack: 0x00007fc25dcc9000,0x00007fc25ddc9000] [id=14052]
  0x00007fc28c08e000 ConcurrentGCThread "G1 Young RemSet Sampling" [stack: 0x00007fc27430a000,0x00007fc27440a000] [id=14013]

Threads with active compile tasks:

VM state:at safepoint (normal execution)

VM Mutex/Monitor currently owned by a thread:  ([mutex/lock_event])
[0x00007fc28c011ed0] Threads_lock - owner thread: 0x00007fc28c121800
[0x00007fc28c012620] Heap_lock - owner thread: 0x00007fc28c016000

Heap address: 0x00000000c4c00000, size: 948 MB, Compressed Oops mode: 32-bit
Narrow klass base: 0x0000000800000000, Narrow klass shift: 3
Compressed class space size: 1073741824 Address: 0x0000000840000000

Heap:
 garbage-first heap   total 331776K, used 62953K [0x00000000c4c00000, 0x0000000100000000)
  region size 1024K, 3 young (3072K), 3 survivors (3072K)
 Metaspace       used 1432K, capacity 4668K, committed 4864K, reserved 1056768K
  class space    used 123K, capacity 427K, committed 512K, reserved 1048576K
Heap Regions: E=young(eden), S=young(survivor), O=old, HS=humongous(starts), HC=humongous(continues), CS=collection set, F=free, A=archive, TAMS=top-at-mark-start (previous, next)
|   0|0x00000000c4c00000, 0x00000000c4d00000, 0x00000000c4d00000|100%| O|  |TAMS 0x00000000c4d00000, 0x00000000c4c00000| Untracked 
|   1|0x00000000c4d00000, 0x00000000c4e00000, 0x00000000c4e00000|100%| O|  |TAMS 0x00000000c4e00000, 0x00000000c4d00000| Untracked 
|   2|0x00000000c4e00000, 0x00000000c4f00000, 0x00000000c4f00000|100%| O|  |TAMS 0x00000000c4f00000, 0x00000000c4e00000| Untracked 
|   3|0x00000000c4f00000, 0x00000000c5000000, 0x00000000c5000000|100%| O|  |TAMS 0x00000000c5000000, 0x00000000c4f00000| Untracked 
|   4|0x00000000c5000000, 0x00000000c5100000, 0x00000000c5100000|100%| O|  |TAMS 0x00000000c5100000, 0x00000000c5000000| Untracked 
|   5|0x00000000c5100000, 0x00000000c5200000, 0x00000000c5200000|100%| O|  |TAMS 0x00000000c5200000, 0x00000000c5100000| Untracked 
|   6|0x00000000c5200000, 0x00000000c5300000, 0x00000000c5300000|100%| O|  |TAMS 0x00000000c5300000, 0x00000000c5200000| Untracked 
|   7|0x00000000c5300000, 0x00000000c5400000, 0x00000000c5400000|100%| O|  |TAMS 0x00000000c5400000, 0x00000000c5300000| Untracked 
|   8|0x00000000c5400000, 0x00000000c5500000, 0x00000000c5500000|100%| O|  |TAMS 0x00000000c5500000, 0x00000000c5400000| Untracked 
|   9|0x00000000c5500000, 0x00000000c5600000, 0x00000000c5600000|100%| O|  |TAMS 0x00000000c5600000, 0x00000000c5500000| Untracked 
|  10|0x00000000c5600000, 0x00000000c5700000, 0x00000000c5700000|100%| O|  |TAMS 0x00000000c5700000, 0x00000000c5600000| Untracked 
|  11|0x00000000c5700000, 0x00000000c5800000, 0x00000000c5800000|100%| O|  |TAMS 0x00000000c5800000, 0x00000000c5700000| Untracked 
|  12|0x00000000c5800000, 0x00000000c5900000, 0x00000000c5900000|100%| O|  |TAMS 0x00000000c5900000, 0x00000000c5800000| Untracked 
|  13|0x00000000c5900000, 0x00000000c5a00000, 0x00000000c5a00000|100%| O|  |TAMS 0x00000000c5a00000, 0x00000000c5900000| Untracked 
|  14|0x00000000c5a00000, 0x00000000c5b00000, 0x00000000c5b00000|100%| O|  |TAMS 0x00000000c5b00000, 0x00000000c5a00000| Untracked 
|  15|0x00000000c5b00000, 0x00000000c5c00000, 0x00000000c5c00000|100%| O|  |TAMS 0x00000000c5c00000, 0x00000000c5b00000| Untracked 
|  16|0x00000000c5c00000, 0x00000000c5d00000, 0x00000000c5d00000|100%| O|  |TAMS 0x00000000c5d00000, 0x00000000c5c00000| Untracked 
|  17|0x00000000c5d00000, 0x00000000c5e00000, 0x00000000c5e00000|100%| O|  |TAMS 0x00000000c5e00000, 0x00000000c5d00000| Untracked 
|  18|0x00000000c5e00000, 0x00000000c5f00000, 0x00000000c5f00000|100%| O|  |TAMS 0x00000000c5f00000, 0x00000000c5e00000| Untracked 
|  19|0x00000000c5f00000, 0x00000000c6000000, 0x00000000c6000000|100%| O|  |TAMS 0x00000000c6000000, 0x00000000c5f00000| Untracked 
|  20|0x00000000c6000000, 0x00000000c6100000, 0x00000000c6100000|100%| O|  |TAMS 0x00000000c6100000, 0x00000000c6000000| Untracked 
|  21|0x00000000c6100000, 0x00000000c6200000, 0x00000000c6200000|100%| O|  |TAMS 0x00000000c6200000, 0x00000000c6100000| Untracked 
|  22|0x00000000c6200000, 0x00000000c6300000, 0x00000000c6300000|100%| O|  |TAMS 0x00000000c6300000, 0x00000000c6200000| Untracked 
|  23|0x00000000c6300000, 0x00000000c6400000, 0x00000000c6400000|100%| O|  |TAMS 0x00000000c6400000, 0x00000000c6300000| Untracked 
|  24|0x00000000c6400000, 0x00000000c6500000, 0x00000000c6500000|100%| O|  |TAMS 0x00000000c6500000, 0x00000000c6400000| Untracked 
|  25|0x00000000c6500000, 0x00000000c6600000, 0x00000000c6600000|100%| O|  |TAMS 0x00000000c6600000, 0x00000000c6500000| Untracked 
|  26|0x00000000c6600000, 0x00000000c6700000, 0x00000000c6700000|100%| O|  |TAMS 0x00000000c6700000, 0x00000000c6600000| Untracked 
|  27|0x00000000c6700000, 0x00000000c6800000, 0x00000000c6800000|100%| O|  |TAMS 0x00000000c6800000, 0x00000000c6700000| Untracked 
|  28|0x00000000c6800000, 0x00000000c6900000, 0x00000000c6900000|100%| O|  |TAMS 0x00000000c6900000, 0x00000000c6800000| Untracked 
|  29|0x00000000c6900000, 0x00000000c6a00000, 0x00000000c6a00000|100%| O|  |TAMS 0x00000000c6a00000, 0x00000000c6900000| Untracked 
|  30|0x00000000c6a00000, 0x00000000c6b00000, 0x00000000c6b00000|100%| O|  |TAMS 0x00000000c6b00000, 0x00000000c6a00000| Untracked 
|  31|0x00000000c6b00000, 0x00000000c6c00000, 0x00000000c6c00000|100%| O|  |TAMS 0x00000000c6c00000, 0x00000000c6b00000| Untracked 
|  32|0x00000000c6c00000, 0x00000000c6d00000, 0x00000000c6d00000|100%| O|  |TAMS 0x00000000c6d00000, 0x00000000c6c00000| Untracked 
|  33|0x00000000c6d00000, 0x00000000c6e00000, 0x00000000c6e00000|100%| O|  |TAMS 0x00000000c6e00000, 0x00000000c6d00000| Untracked 
|  34|0x00000000c6e00000, 0x00000000c6f00000, 0x00000000c6f00000|100%| O|  |TAMS 0x00000000c6f00000, 0x00000000c6e00000| Untracked 
|  35|0x00000000c6f00000, 0x00000000c7000000, 0x00000000c7000000|100%| O|  |TAMS 0x00000000c7000000, 0x00000000c6f00000| Untracked 
|  36|0x00000000c7000000, 0x00000000c7100000, 0x00000000c7100000|100%| O|  |TAMS 0x00000000c7100000, 0x00000000c7000000| Untracked 
|  37|0x00000000c7100000, 0x00000000c7200000, 0x00000000c7200000|100%| O|  |TAMS 0x00000000c7200000, 0x00000000c7100000| Untracked 
|  38|0x00000000c7200000, 0x00000000c7300000, 0x00000000c7300000|100%| O|  |TAMS 0x00000000c7300000, 0x00000000c7200000| Untracked 
|  39|0x00000000c7300000, 0x00000000c7400000, 0x00000000c7400000|100%| O|  |TAMS 0x00000000c7400000, 0x00000000c7300000| Untracked 
|  40|0x00000000c7400000, 0x00000000c7500000, 0x00000000c7500000|100%| O|  |TAMS 0x00000000c7500000, 0x00000000c7400000| Untracked 
|  41|0x00000000c7500000, 0x00000000c7600000, 0x00000000c7600000|100%| O|  |TAMS 0x00000000c7600000, 0x00000000c7500000| Untracked 
|  42|0x00000000c7600000, 0x00000000c7700000, 0x00000000c7700000|100%| O|  |TAMS 0x00000000c7700000, 0x00000000c7600000| Untracked 
|  43|0x00000000c7700000, 0x00000000c7800000, 0x00000000c7800000|100%| O|  |TAMS 0x00000000c7800000, 0x00000000c7700000| Untracked 
|  44|0x00000000c7800000, 0x00000000c7900000, 0x00000000c7900000|100%|HS|  |TAMS 0x00000000c7900000, 0x00000000c7800000| Complete 
|  45|0x00000000c7900000, 0x00000000c7a00000, 0x00000000c7a00000|100%|HC|  |TAMS 0x00000000c7a00000, 0x00000000c7900000| Complete 
|  46|0x00000000c7a00000, 0x00000000c7b00000, 0x00000000c7b00000|100%|HC|  |TAMS 0x00000000c7b00000, 0x00000000c7a00000| Complete 
|  47|0x00000000c7b00000, 0x00000000c7c00000, 0x00000000c7c00000|100%|HC|  |TAMS 0x00000000c7c00000, 0x00000000c7b00000| Complete 
|  48|0x00000000c7c00000, 0x00000000c7d00000, 0x00000000c7d00000|100%|HC|  |TAMS 0x00000000c7d00000, 0x00000000c7c00000| Complete 
|  49|0x00000000c7d00000, 0x00000000c7e00000, 0x00000000c7e00000|100%|HC|  |TAMS 0x00000000c7e00000, 0x00000000c7d00000| Complete 
|  50|0x00000000c7e00000, 0x00000000c7f00000, 0x00000000c7f00000|100%|HC|  |TAMS 0x00000000c7f00000, 0x00000000c7e00000| Complete 
|  51|0x00000000c7f00000, 0x00000000c8000000, 0x00000000c8000000|100%| O|  |TAMS 0x00000000c8000000, 0x00000000c7f00000| Untracked 
|  52|0x00000000c8000000, 0x00000000c8100000, 0x00000000c8100000|100%| O|  |TAMS 0x00000000c8100000, 0x00000000c8000000| Untracked 
|  53|0x00000000c8100000, 0x00000000c8200000, 0x00000000c8200000|100%| O|  |TAMS 0x00000000c8200000, 0x00000000c8100000| Untracked 
|  54|0x00000000c8200000, 0x00000000c8300000, 0x00000000c8300000|100%| O|  |TAMS 0x00000000c8300000, 0x00000000c8200000| Untracked 
|  55|0x00000000c8300000, 0x00000000c8400000, 0x00000000c8400000|100%| O|  |TAMS 0x00000000c8400000, 0x00000000c8300000| Untracked 
|  56|0x00000000c8400000, 0x00000000c8500000, 0x00000000c8500000|100%| O|  |TAMS 0x00000000c8470e00, 0x00000000c8400000| Untracked 
|  57|0x00000000c8500000, 0x00000000c85cf400, 0x00000000c8600000| 80%| O|  |TAMS 0x00000000c8500000, 0x00000000c8500000| Untracked 
|  58|0x00000000c8600000, 0x00000000c8600000, 0x00000000c8700000|  0%| F|  |TAMS 0x00000000c8600000, 0x00000000c8600000| Untracked 
|  59|0x00000000c8700000, 0x00000000c8700000, 0x00000000c8800000|  0%| F|  |TAMS 0x00000000c8700000, 0x00000000c8700000| Untracked 
|  60|0x00000000c8800000, 0x00000000c8800000, 0x00000000c8900000|  0%| F|  |TAMS 0x00000000c8800000, 0x00000000c8800000| Untracked 
|  61|0x00000000c8900000, 0x00000000c8900000, 0x00000000c8a00000|  0%| F|  |TAMS 0x00000000c8900000, 0x00000000c8900000| Untracked 
|  62|0x00000000c8a00000, 0x00000000c8a00000, 0x00000000c8b00000|  0%| F|  |TAMS 0x00000000c8a00000, 0x00000000c8a00000| Untracked 
|  63|0x00000000c8b00000, 0x00000000c8b00000, 0x00000000c8c00000|  0%| F|  |TAMS 0x00000000c8b00000, 0x00000000c8b00000| Untracked 
|  64|0x00000000c8c00000, 0x00000000c8c00000, 0x00000000c8d00000|  0%| F|  |TAMS 0x00000000c8c00000, 0x00000000c8c00000| Untracked 
|  65|0x00000000c8d00000, 0x00000000c8d00000, 0x00000000c8e00000|  0%| F|  |TAMS 0x00000000c8d00000, 0x00000000c8d00000| Untracked 
|  66|0x00000000c8e00000, 0x00000000c8e00000, 0x00000000c8f00000|  0%| F|  |TAMS 0x00000000c8e00000, 0x00000000c8e00000| Untracked 
|  67|0x00000000c8f00000, 0x00000000c8f00000, 0x00000000c9000000|  0%| F|  |TAMS 0x00000000c8f00000, 0x00000000c8f00000| Untracked 
|  68|0x00000000c9000000, 0x00000000c9000000, 0x00000000c9100000|  0%| F|  |TAMS 0x00000000c9000000, 0x00000000c9000000| Untracked 
|  69|0x00000000c9100000, 0x00000000c9100000, 0x00000000c9200000|  0%| F|  |TAMS 0x00000000c9100000, 0x00000000c9100000| Untracked 
|  70|0x00000000c9200000, 0x00000000c9200000, 0x00000000c9300000|  0%| F|  |TAMS 0x00000000c9200000, 0x00000000c9200000| Untracked 
|  71|0x00000000c9300000, 0x00000000c9300000, 0x00000000c9400000|  0%| F|  |TAMS 0x00000000c9300000, 0x00000000c9300000| Untracked 
|  72|0x00000000c9400000, 0x00000000c9400000, 0x00000000c9500000|  0%| F|  |TAMS 0x00000000c9400000, 0x00000000c9400000| Untracked 
|  73|0x00000000c9500000, 0x00000000c9500000, 0x00000000c9600000|  0%| F|  |TAMS 0x00000000c9500000, 0x00000000c9500000| Untracked 
|  74|0x00000000c9600000, 0x00000000c9600000, 0x00000000c9700000|  0%| F|  |TAMS 0x00000000c9600000, 0x00000000c9600000| Untracked 
|  75|0x00000000c9700000, 0x00000000c9700000, 0x00000000c9800000|  0%| F|  |TAMS 0x00000000c9700000, 0x00000000c9700000| Untracked 
|  76|0x00000000c9800000, 0x00000000c9800000, 0x00000000c9900000|  0%| F|  |TAMS 0x00000000c9800000, 0x00000000c9800000| Untracked 
|  77|0x00000000c9900000, 0x00000000c9900000, 0x00000000c9a00000|  0%| F|  |TAMS 0x00000000c9900000, 0x00000000c9900000| Untracked 
|  78|0x00000000c9a00000, 0x00000000c9afa160, 0x00000000c9b00000| 97%| S|CS|TAMS 0x00000000c9a00000, 0x00000000c9a00000| Complete 
|  79|0x00000000c9b00000, 0x00000000c9c00000, 0x00000000c9c00000|100%| S|CS|TAMS 0x00000000c9b00000, 0x00000000c9b00000| Complete 
|  80|0x00000000c9c00000, 0x00000000c9d00000, 0x00000000c9d00000|100%| S|CS|TAMS 0x00000000c9c00000, 0x00000000c9c00000| Complete 
|  81|0x00000000c9d00000, 0x00000000c9d00000, 0x00000000c9e00000|  0%| F|  |TAMS 0x00000000c9d00000, 0x00000000c9d00000| Untracked 
|  82|0x00000000c9e00000, 0x00000000c9e00000, 0x00000000c9f00000|  0%| F|  |TAMS 0x00000000c9e00000, 0x00000000c9e00000| Untracked 
|  83|0x00000000c9f00000, 0x00000000c9f00000, 0x00000000ca000000|  0%| F|  |TAMS 0x00000000c9f00000, 0x00000000c9f00000| Untracked 
|  84|0x00000000ca000000, 0x00000000ca000000, 0x00000000ca100000|  0%| F|  |TAMS 0x00000000ca000000, 0x00000000ca000000| Untracked 
|  85|0x00000000ca100000, 0x00000000ca100000, 0x00000000ca200000|  0%| F|  |TAMS 0x00000000ca100000, 0x00000000ca100000| Untracked 
|  86|0x00000000ca200000, 0x00000000ca200000, 0x00000000ca300000|  0%| F|  |TAMS 0x00000000ca200000, 0x00000000ca200000| Untracked 
|  87|0x00000000ca300000, 0x00000000ca300000, 0x00000000ca400000|  0%| F|  |TAMS 0x00000000ca300000, 0x00000000ca300000| Untracked 
|  88|0x00000000ca400000, 0x00000000ca400000, 0x00000000ca500000|  0%| F|  |TAMS 0x00000000ca400000, 0x00000000ca400000| Untracked 
|  89|0x00000000ca500000, 0x00000000ca500000, 0x00000000ca600000|  0%| F|  |TAMS 0x00000000ca500000, 0x00000000ca500000| Untracked 
|  90|0x00000000ca600000, 0x00000000ca600000, 0x00000000ca700000|  0%| F|  |TAMS 0x00000000ca600000, 0x00000000ca600000| Untracked 
|  91|0x00000000ca700000, 0x00000000ca700000, 0x00000000ca800000|  0%| F|  |TAMS 0x00000000ca700000, 0x00000000ca700000| Untracked 
|  92|0x00000000ca800000, 0x00000000ca800000, 0x00000000ca900000|  0%| F|  |TAMS 0x00000000ca800000, 0x00000000ca800000| Untracked 
|  93|0x00000000ca900000, 0x00000000ca900000, 0x00000000caa00000|  0%| F|  |TAMS 0x00000000ca900000, 0x00000000ca900000| Untracked 
|  94|0x00000000caa00000, 0x00000000caa00000, 0x00000000cab00000|  0%| F|  |TAMS 0x00000000caa00000, 0x00000000caa00000| Untracked 
|  95|0x00000000cab00000, 0x00000000cab00000, 0x00000000cac00000|  0%| F|  |TAMS 0x00000000cab00000, 0x00000000cab00000| Untracked 
|  96|0x00000000cac00000, 0x00000000cac00000, 0x00000000cad00000|  0%| F|  |TAMS 0x00000000cac00000, 0x00000000cac00000| Untracked 
|  97|0x00000000cad00000, 0x00000000cad00000, 0x00000000cae00000|  0%| F|  |TAMS 0x00000000cad00000, 0x00000000cad00000| Untracked 
|  98|0x00000000cae00000, 0x00000000cae00000, 0x00000000caf00000|  0%| F|  |TAMS 0x00000000cae00000, 0x00000000cae00000| Untracked 
|  99|0x00000000caf00000, 0x00000000caf00000, 0x00000000cb000000|  0%| F|  |TAMS 0x00000000caf00000, 0x00000000caf00000| Untracked 
| 100|0x00000000cb000000, 0x00000000cb000000, 0x00000000cb100000|  0%| F|  |TAMS 0x00000000cb000000, 0x00000000cb000000| Untracked 
| 101|0x00000000cb100000, 0x00000000cb100000, 0x00000000cb200000|  0%| F|  |TAMS 0x00000000cb100000, 0x00000000cb100000| Untracked 
| 102|0x00000000cb200000, 0x00000000cb200000, 0x00000000cb300000|  0%| F|  |TAMS 0x00000000cb200000, 0x00000000cb200000| Untracked 
| 103|0x00000000cb300000, 0x00000000cb300000, 0x00000000cb400000|  0%| F|  |TAMS 0x00000000cb300000, 0x00000000cb300000| Untracked 
| 104|0x00000000cb400000, 0x00000000cb400000, 0x00000000cb500000|  0%| F|  |TAMS 0x00000000cb400000, 0x00000000cb400000| Untracked 
| 105|0x00000000cb500000, 0x00000000cb500000, 0x00000000cb600000|  0%| F|  |TAMS 0x00000000cb500000, 0x00000000cb500000| Untracked 
| 946|0x00000000ffe00000, 0x00000000ffe47000, 0x00000000fff00000| 27%|OA|  |TAMS 0x00000000ffe47000, 0x00000000ffe00000| Untracked 
| 947|0x00000000fff00000, 0x00000000fff6a000, 0x0000000100000000| 41%|CA|  |TAMS 0x00000000fff6a000, 0x00000000fff00000| Untracked 

Card table byte_map: [0x00007fc29049a000,0x00007fc290674000] _byte_map_base: 0x00007fc28fe74000

Marking Bits (Prev, Next): (CMBitMap*) 0x00007fc28c044440, (CMBitMap*) 0x00007fc28c044408
 Prev Bits: [0x00007fc26e260000, 0x00007fc26f130000)
 Next Bits: [0x00007fc26f130000, 0x00007fc270000000)

Polling page: 0x00007fc294f90000

Metaspace:

Usage:
  Non-class:      4.14 MB capacity,     1.28 MB ( 31%) used,     2.86 MB ( 69%) free+waste,     4.06 KB ( <1%) overhead. 
      Class:    427.00 KB capacity,   123.36 KB ( 29%) used,   301.20 KB ( 71%) free+waste,     2.44 KB ( <1%) overhead. 
       Both:      4.56 MB capacity,     1.40 MB ( 31%) used,     3.15 MB ( 69%) free+waste,     6.50 KB ( <1%) overhead. 

Virtual space:
  Non-class space:        8.00 MB reserved,       4.25 MB ( 53%) committed 
      Class space:        1.00 GB reserved,     512.00 KB ( <1%) committed 
             Both:        1.01 GB reserved,       4.75 MB ( <1%) committed 

Chunk freelists:
   Non-Class:  0 bytes
       Class:  0 bytes
        Both:  0 bytes

MaxMetaspaceSize: unlimited
CompressedClassSpaceSize: 1.00 GB

CodeHeap 'non-profiled nmethods': size=120032Kb used=200Kb max_used=200Kb free=119831Kb
 bounds [0x00007fc27c3d8000, 0x00007fc27c648000, 0x00007fc283910000]
CodeHeap 'profiled nmethods': size=120032Kb used=657Kb max_used=657Kb free=119374Kb
 bounds [0x00007fc274ea0000, 0x00007fc275110000, 0x00007fc27c3d8000]
CodeHeap 'non-nmethods': size=5696Kb used=1056Kb max_used=1075Kb free=4640Kb
 bounds [0x00007fc274910000, 0x00007fc274b80000, 0x00007fc274ea0000]
 total_blobs=930 nmethods=399 adapters=269
 compilation: enabled
              stopped_count=0, restarted_count=0
 full_count=0

Compilation events (20 events):
Event: 8.032 Thread 0x00007fc28c12e000  396       4       java.lang.Integer::toString (55 bytes)
Event: 8.038 Thread 0x00007fc28c12e000 nmethod 396 0x00007fc27c400710 code [0x00007fc27c4008c0, 0x00007fc27c400ab8]
Event: 8.038 Thread 0x00007fc28c12e000  398   !   4       java.io.PrintStream::write (83 bytes)
Event: 8.078 Thread 0x00007fc28c12e000 nmethod 398 0x00007fc27c400c90 code [0x00007fc27c400ea0, 0x00007fc27c402098]
Event: 8.079 Thread 0x00007fc28c12e000  400       4       tues.Main::readFood (96 bytes)
Event: 8.158 Thread 0x00007fc28c12e000 nmethod 400 0x00007fc27c402b90 code [0x00007fc27c402e60, 0x00007fc27c404b00]
Event: 8.158 Thread 0x00007fc28c12e000  399   !   4       java.io.PrintStream::newLine (73 bytes)
Event: 8.211 Thread 0x00007fc28c12e000 nmethod 399 0x00007fc27c405c90 code [0x00007fc27c405ec0, 0x00007fc27c4073a8]
Event: 8.211 Thread 0x00007fc28c12e000  405       4       java.util.ArrayList::add (25 bytes)
Event: 8.227 Thread 0x00007fc28c12e000 nmethod 405 0x00007fc27c407e90 code [0x00007fc27c408040, 0x00007fc27c408628]
Event: 8.227 Thread 0x00007fc28c12e000  378   !   4       java.io.BufferedWriter::flushBuffer (53 bytes)
Event: 8.234 Thread 0x00007fc28c12e000 nmethod 378 0x00007fc27c408890 code [0x00007fc27c408a40, 0x00007fc27c408e88]
Event: 8.234 Thread 0x00007fc28c12e000  383       4       java.io.OutputStreamWriter::write (11 bytes)
Event: 8.236 Thread 0x00007fc28c12e000 nmethod 383 0x00007fc27c409090 code [0x00007fc27c409240, 0x00007fc27c409308]
Event: 8.524 Thread 0x00007fc28c130000  410 %     3       tues.Main::main @ 90 (155 bytes)
Event: 8.529 Thread 0x00007fc28c130000 nmethod 410% 0x00007fc274f3d110 code [0x00007fc274f3d600, 0x00007fc274f3fcc8]
Event: 8.544 Thread 0x00007fc28c130000  411       3       tues.Main::main (155 bytes)
Event: 8.549 Thread 0x00007fc28c130000 nmethod 411 0x00007fc274f40c10 code [0x00007fc274f41100, 0x00007fc274f436e8]
Event: 9.146 Thread 0x00007fc28c12e000  412 %     4       tues.Main::main @ 90 (155 bytes)
Event: 9.176 Thread 0x00007fc28c12e000 nmethod 412% 0x00007fc27c409410 code [0x00007fc27c409600, 0x00007fc27c409e38]

GC Heap History (20 events):
Event: 35.875 GC heap after
{Heap after GC invocations=32 (full 0):
 garbage-first heap   total 110592K, used 54893K [0x00000000c4c00000, 0x0000000100000000)
  region size 1024K, 3 young (3072K), 3 survivors (3072K)
 Metaspace       used 1432K, capacity 4668K, committed 4864K, reserved 1056768K
  class space    used 123K, capacity 427K, committed 512K, reserved 1048576K
}
Event: 35.928 GC heap before
{Heap before GC invocations=32 (full 0):
 garbage-first heap   total 110592K, used 56941K [0x00000000c4c00000, 0x0000000100000000)
  region size 1024K, 5 young (5120K), 3 survivors (3072K)
 Metaspace       used 1432K, capacity 4668K, committed 4864K, reserved 1056768K
  class space    used 123K, capacity 427K, committed 512K, reserved 1048576K
}
Event: 35.934 GC heap after
{Heap after GC invocations=33 (full 0):
 garbage-first heap   total 110592K, used 55357K [0x00000000c4c00000, 0x0000000100000000)
  region size 1024K, 1 young (1024K), 1 survivors (1024K)
 Metaspace       used 1432K, capacity 4668K, committed 4864K, reserved 1056768K
  class space    used 123K, capacity 427K, committed 512K, reserved 1048576K
}
Event: 36.044 GC heap before
{Heap before GC invocations=33 (full 0):
 garbage-first heap   total 110592K, used 59453K [0x00000000c4c00000, 0x0000000100000000)
  region size 1024K, 5 young (5120K), 1 survivors (1024K)
 Metaspace       used 1432K, capacity 4668K, committed 4864K, reserved 1056768K
  class space    used 123K, capacity 427K, committed 512K, reserved 1048576K
}
Event: 36.048 GC heap after
{Heap after GC invocations=34 (full 0):
 garbage-first heap   total 110592K, used 55300K [0x00000000c4c00000, 0x0000000100000000)
  region size 1024K, 1 young (1024K), 1 survivors (1024K)
 Metaspace       used 1432K, capacity 4668K, committed 4864K, reserved 1056768K
  class space    used 123K, capacity 427K, committed 512K, reserved 1048576K
}
Event: 36.194 GC heap before
{Heap before GC invocations=35 (full 0):
 garbage-first heap   total 110592K, used 59396K [0x00000000c4c00000, 0x0000000100000000)
  region size 1024K, 5 young (5120K), 1 survivors (1024K)
 Metaspace       used 1432K, capacity 4668K, committed 4864K, reserved 1056768K
  class space    used 123K, capacity 427K, committed 512K, reserved 1048576K
}
Event: 36.196 GC heap after
{Heap after GC invocations=36 (full 0):
 garbage-first heap   total 110592K, used 55560K [0x00000000c4c00000, 0x0000000100000000)
  region size 1024K, 1 young (1024K), 1 survivors (1024K)
 Metaspace       used 1432K, capacity 4668K, committed 4864K, reserved 1056768K
  class space    used 123K, capacity 427K, committed 512K, reserved 1048576K
}
Event: 36.296 GC heap before
{Heap before GC invocations=36 (full 0):
 garbage-first heap   total 110592K, used 59656K [0x00000000c4c00000, 0x0000000100000000)
  region size 1024K, 5 young (5120K), 1 survivors (1024K)
 Metaspace       used 1432K, capacity 4668K, committed 4864K, reserved 1056768K
  class space    used 123K, capacity 427K, committed 512K, reserved 1048576K
}
Event: 36.300 GC heap after
{Heap after GC invocations=37 (full 0):
 garbage-first heap   total 110592K, used 55816K [0x00000000c4c00000, 0x0000000100000000)
  region size 1024K, 1 young (1024K), 1 survivors (1024K)
 Metaspace       used 1432K, capacity 4668K, committed 4864K, reserved 1056768K
  class space    used 123K, capacity 427K, committed 512K, reserved 1048576K
}
Event: 36.392 GC heap before
{Heap before GC invocations=37 (full 0):
 garbage-first heap   total 110592K, used 59912K [0x00000000c4c00000, 0x0000000100000000)
  region size 1024K, 5 young (5120K), 1 survivors (1024K)
 Metaspace       used 1432K, capacity 4668K, committed 4864K, reserved 1056768K
  class space    used 123K, capacity 427K, committed 512K, reserved 1048576K
}
Event: 36.396 GC heap after
{Heap after GC invocations=38 (full 0):
 garbage-first heap   total 110592K, used 56102K [0x00000000c4c00000, 0x0000000100000000)
  region size 1024K, 1 young (1024K), 1 survivors (1024K)
 Metaspace       used 1432K, capacity 4668K, committed 4864K, reserved 1056768K
  class space    used 123K, capacity 427K, committed 512K, reserved 1048576K
}
Event: 36.920 GC heap before
{Heap before GC invocations=39 (full 0):
 garbage-first heap   total 110592K, used 75558K [0x00000000c4c00000, 0x0000000100000000)
  region size 1024K, 20 young (20480K), 1 survivors (1024K)
 Metaspace       used 1432K, capacity 4668K, committed 4864K, reserved 1056768K
  class space    used 123K, capacity 427K, committed 512K, reserved 1048576K
}
Event: 36.928 GC heap after
{Heap after GC invocations=40 (full 0):
 garbage-first heap   total 110592K, used 57163K [0x00000000c4c00000, 0x0000000100000000)
  region size 1024K, 2 young (2048K), 2 survivors (2048K)
 Metaspace       used 1432K, capacity 4668K, committed 4864K, reserved 1056768K
  class space    used 123K, capacity 427K, committed 512K, reserved 1048576K
}
Event: 37.368 GC heap before
{Heap before GC invocations=40 (full 0):
 garbage-first heap   total 110592K, used 77643K [0x00000000c4c00000, 0x0000000100000000)
  region size 1024K, 22 young (22528K), 2 survivors (2048K)
 Metaspace       used 1432K, capacity 4668K, committed 4864K, reserved 1056768K
  class space    used 123K, capacity 427K, committed 512K, reserved 1048576K
}
Event: 37.379 GC heap after
{Heap after GC invocations=41 (full 0):
 garbage-first heap   total 110592K, used 58611K [0x00000000c4c00000, 0x0000000100000000)
  region size 1024K, 3 young (3072K), 3 survivors (3072K)
 Metaspace       used 1432K, capacity 4668K, committed 4864K, reserved 1056768K
  class space    used 123K, capacity 427K, committed 512K, reserved 1048576K
}
Event: 38.747 GC heap before
{Heap before GC invocations=42 (full 0):
 garbage-first heap   total 110592K, used 80115K [0x00000000c4c00000, 0x0000000100000000)
  region size 1024K, 24 young (24576K), 3 survivors (3072K)
 Metaspace       used 1432K, capacity 4668K, committed 4864K, reserved 1056768K
  class space    used 123K, capacity 427K, committed 512K, reserved 1048576K
}
Event: 38.759 GC heap after
{Heap after GC invocations=43 (full 0):
 garbage-first heap   total 110592K, used 59960K [0x00000000c4c00000, 0x0000000100000000)
  region size 1024K, 3 young (3072K), 3 survivors (3072K)
 Metaspace       used 1432K, capacity 4668K, committed 4864K, reserved 1056768K
  class space    used 123K, capacity 427K, committed 512K, reserved 1048576K
}
Event: 39.652 GC heap before
{Heap before GC invocations=43 (full 0):
 garbage-first heap   total 110592K, used 81464K [0x00000000c4c00000, 0x0000000100000000)
  region size 1024K, 24 young (24576K), 3 survivors (3072K)
 Metaspace       used 1432K, capacity 4668K, committed 4864K, reserved 1056768K
  class space    used 123K, capacity 427K, committed 512K, reserved 1048576K
}
Event: 39.663 GC heap after
{Heap after GC invocations=44 (full 0):
 garbage-first heap   total 110592K, used 61280K [0x00000000c4c00000, 0x0000000100000000)
  region size 1024K, 3 young (3072K), 3 survivors (3072K)
 Metaspace       used 1432K, capacity 4668K, committed 4864K, reserved 1056768K
  class space    used 123K, capacity 427K, committed 512K, reserved 1048576K
}
Event: 42.504 GC heap before
{Heap before GC invocations=45 (full 0):
 garbage-first heap   total 110592K, used 83808K [0x00000000c4c00000, 0x0000000100000000)
  region size 1024K, 25 young (25600K), 3 survivors (3072K)
 Metaspace       used 1432K, capacity 4668K, committed 4864K, reserved 1056768K
  class space    used 123K, capacity 427K, committed 512K, reserved 1048576K
}

Deoptimization events (10 events):
Event: 1.000 Thread 0x00007fc28c016000 Uncommon trap: trap_request=0xffffff4d fr.pc=0x00007fc27c3e451c relative=0x000000000000007c
Event: 1.000 Thread 0x00007fc28c016000 Uncommon trap: reason=unstable_if action=reinterpret pc=0x00007fc27c3e451c method=java.lang.String.isLatin1()Z @ 10 c2
Event: 1.000 Thread 0x00007fc28c016000 DEOPT PACKING pc=0x00007fc27c3e451c sp=0x00007fc294f74360
Event: 1.000 Thread 0x00007fc28c016000 DEOPT UNPACKING pc=0x00007fc274937e1f sp=0x00007fc294f742c0 mode 2
Event: 7.814 Thread 0x00007fc28c016000 Uncommon trap: trap_request=0xffffffcc fr.pc=0x00007fc27c3fad64 relative=0x0000000000001be4
Event: 7.814 Thread 0x00007fc28c016000 Uncommon trap: reason=intrinsic_or_type_checked_inlining action=make_not_entrant pc=0x00007fc27c3fad64 method=java.util.ArrayList$SubList.toArray([Ljava/lang/Object;)[Ljava/lang/Object; @ 58 c2
Event: 7.814 Thread 0x00007fc28c016000 DEOPT PACKING pc=0x00007fc27c3fad64 sp=0x00007fc294f747b0
Event: 7.814 Thread 0x00007fc28c016000 DEOPT UNPACKING pc=0x00007fc274937e1f sp=0x00007fc294f74718 mode 2
Event: 9.270 Thread 0x00007fc28c016000 DEOPT PACKING pc=0x00007fc274f3f86d sp=0x00007fc294f74820
Event: 9.270 Thread 0x00007fc28c016000 DEOPT UNPACKING pc=0x00007fc274937c2b sp=0x00007fc294f73e38 mode 0

Classes redefined (0 events):
No events

Internal exceptions (1 events):
Event: 0.946 Thread 0x00007fc28c016000 Exception <a 'java/lang/NoSuchMethodError'{0x00000000c86b78b8}: 'int java.lang.invoke.DirectMethodHandle$Holder.invokeSpecialIFC(java.lang.Object, java.lang.Object, int)'> (0x00000000c86b78b8) thrown at [/build/openjdk-lts-iuKaMP/openjdk-lts-11.0.6+10/src

Events (20 events):
Event: 36.557 Executing VM operation: CGC_Operation done
Event: 36.654 Executing VM operation: CGC_Operation
Event: 36.654 Executing VM operation: CGC_Operation done
Event: 36.920 Executing VM operation: G1CollectForAllocation
Event: 36.928 Executing VM operation: G1CollectForAllocation done
Event: 37.367 Executing VM operation: G1CollectForAllocation
Event: 37.379 Executing VM operation: G1CollectForAllocation done
Event: 37.567 Executing VM operation: CGC_Operation
Event: 37.568 Executing VM operation: CGC_Operation done
Event: 37.662 Executing VM operation: CGC_Operation
Event: 38.450 Executing VM operation: CGC_Operation done
Event: 38.747 Executing VM operation: G1CollectForAllocation
Event: 38.759 Executing VM operation: G1CollectForAllocation done
Event: 39.652 Executing VM operation: G1CollectForAllocation
Event: 39.664 Executing VM operation: G1CollectForAllocation done
Event: 39.836 Executing VM operation: CGC_Operation
Event: 39.837 Executing VM operation: CGC_Operation done
Event: 39.935 Executing VM operation: CGC_Operation
Event: 39.935 Executing VM operation: CGC_Operation done
Event: 42.504 Executing VM operation: G1CollectForAllocation


Dynamic libraries:
c4c00000-cb600000 rw-p 00000000 00:00 0 
d8e00000-ffe00000 ---p 00000000 00:00 0 
ffe00000-ffe47000 rw-p 01105000 08:06 6297442                            /usr/lib/jvm/java-11-openjdk-amd64/lib/server/classes.jsa
ffe47000-fff00000 rw-p 00000000 00:00 0 
fff00000-fff6a000 rw-p 0109b000 08:06 6297442                            /usr/lib/jvm/java-11-openjdk-amd64/lib/server/classes.jsa
fff6a000-100000000 rw-p 00000000 00:00 0 
800000000-800002000 rwxp 00001000 08:06 6297442                          /usr/lib/jvm/java-11-openjdk-amd64/lib/server/classes.jsa
800002000-8003b8000 rw-p 00003000 08:06 6297442                          /usr/lib/jvm/java-11-openjdk-amd64/lib/server/classes.jsa
8003b8000-800a8d000 r--p 003b9000 08:06 6297442                          /usr/lib/jvm/java-11-openjdk-amd64/lib/server/classes.jsa
800a8d000-800a8e000 rw-p 00a8e000 08:06 6297442                          /usr/lib/jvm/java-11-openjdk-amd64/lib/server/classes.jsa
800a8e000-80109a000 r--p 00a8f000 08:06 6297442                          /usr/lib/jvm/java-11-openjdk-amd64/lib/server/classes.jsa
840000000-840080000 rw-p 00000000 00:00 0 
840080000-880000000 ---p 00000000 00:00 0 
55971fcd9000-55971fcda000 r-xp 00000000 08:06 5653056                    /usr/lib/jvm/java-11-openjdk-amd64/bin/java
55971feda000-55971fedb000 r--p 00001000 08:06 5653056                    /usr/lib/jvm/java-11-openjdk-amd64/bin/java
55971fedb000-55971fedc000 rw-p 00002000 08:06 5653056                    /usr/lib/jvm/java-11-openjdk-amd64/bin/java
559720fe8000-559721009000 rw-p 00000000 00:00 0                          [heap]
7fc21c000000-7fc21c021000 rw-p 00000000 00:00 0 
7fc21c021000-7fc220000000 ---p 00000000 00:00 0 
7fc220000000-7fc220021000 rw-p 00000000 00:00 0 
7fc220021000-7fc224000000 ---p 00000000 00:00 0 
7fc224000000-7fc224036000 rw-p 00000000 00:00 0 
7fc224036000-7fc228000000 ---p 00000000 00:00 0 
7fc228000000-7fc228021000 rw-p 00000000 00:00 0 
7fc228021000-7fc22c000000 ---p 00000000 00:00 0 
7fc22c000000-7fc22c021000 rw-p 00000000 00:00 0 
7fc22c021000-7fc230000000 ---p 00000000 00:00 0 
7fc230000000-7fc230021000 rw-p 00000000 00:00 0 
7fc230021000-7fc234000000 ---p 00000000 00:00 0 
7fc234000000-7fc234021000 rw-p 00000000 00:00 0 
7fc234021000-7fc238000000 ---p 00000000 00:00 0 
7fc238000000-7fc238021000 rw-p 00000000 00:00 0 
7fc238021000-7fc23c000000 ---p 00000000 00:00 0 
7fc23c000000-7fc23c1b4000 rw-p 00000000 00:00 0 
7fc23c1b4000-7fc240000000 ---p 00000000 00:00 0 
7fc240000000-7fc240021000 rw-p 00000000 00:00 0 
7fc240021000-7fc244000000 ---p 00000000 00:00 0 
7fc244000000-7fc244021000 rw-p 00000000 00:00 0 
7fc244021000-7fc248000000 ---p 00000000 00:00 0 
7fc248000000-7fc24852d000 rw-p 00000000 00:00 0 
7fc24852d000-7fc24c000000 ---p 00000000 00:00 0 
7fc24c000000-7fc24c021000 rw-p 00000000 00:00 0 
7fc24c021000-7fc250000000 ---p 00000000 00:00 0 
7fc250000000-7fc250021000 rw-p 00000000 00:00 0 
7fc250021000-7fc254000000 ---p 00000000 00:00 0 
7fc254000000-7fc254030000 rw-p 00000000 00:00 0 
7fc254030000-7fc258000000 ---p 00000000 00:00 0 
7fc258000000-7fc258021000 rw-p 00000000 00:00 0 
7fc258021000-7fc25c000000 ---p 00000000 00:00 0 
7fc25dcc7000-7fc25dcc8000 ---p 00000000 00:00 0 
7fc25dcc8000-7fc25ddc9000 rw-p 00000000 00:00 0 
7fc25ddc9000-7fc25ddca000 ---p 00000000 00:00 0 
7fc25ddca000-7fc25decb000 rw-p 00000000 00:00 0 
7fc25decb000-7fc25decc000 ---p 00000000 00:00 0 
7fc25decc000-7fc25dfcd000 rw-p 00000000 00:00 0 
7fc25dfcd000-7fc25dfcf000 r-xp 00000000 08:06 5653199                    /usr/lib/jvm/java-11-openjdk-amd64/lib/libextnet.so
7fc25dfcf000-7fc25e1ce000 ---p 00002000 08:06 5653199                    /usr/lib/jvm/java-11-openjdk-amd64/lib/libextnet.so
7fc25e1ce000-7fc25e1cf000 r--p 00001000 08:06 5653199                    /usr/lib/jvm/java-11-openjdk-amd64/lib/libextnet.so
7fc25e1cf000-7fc25e1d0000 rw-p 00002000 08:06 5653199                    /usr/lib/jvm/java-11-openjdk-amd64/lib/libextnet.so
7fc25e1d0000-7fc25e1d4000 ---p 00000000 00:00 0 
7fc25e1d4000-7fc25e2d1000 rw-p 00000000 00:00 0 
7fc25e2d1000-7fc25e2d2000 ---p 00000000 00:00 0 
7fc25e2d2000-7fc25e3d3000 rw-p 00000000 00:00 0 
7fc25e3d3000-7fc25e3d7000 ---p 00000000 00:00 0 
7fc25e3d7000-7fc25e4d4000 rw-p 00000000 00:00 0 
7fc25e4d4000-7fc25e4d8000 ---p 00000000 00:00 0 
7fc25e4d8000-7fc25e5d5000 rw-p 00000000 00:00 0 
7fc25e5d5000-7fc25e5eb000 r-xp 00000000 08:06 5653218                    /usr/lib/jvm/java-11-openjdk-amd64/lib/libnet.so
7fc25e5eb000-7fc25e7ea000 ---p 00016000 08:06 5653218                    /usr/lib/jvm/java-11-openjdk-amd64/lib/libnet.so
7fc25e7ea000-7fc25e7eb000 r--p 00015000 08:06 5653218                    /usr/lib/jvm/java-11-openjdk-amd64/lib/libnet.so
7fc25e7eb000-7fc25e7ec000 rw-p 00016000 08:06 5653218                    /usr/lib/jvm/java-11-openjdk-amd64/lib/libnet.so
7fc25e7ec000-7fc25e7fc000 r-xp 00000000 08:06 5653219                    /usr/lib/jvm/java-11-openjdk-amd64/lib/libnio.so
7fc25e7fc000-7fc25e9fb000 ---p 00010000 08:06 5653219                    /usr/lib/jvm/java-11-openjdk-amd64/lib/libnio.so
7fc25e9fb000-7fc25e9fc000 r--p 0000f000 08:06 5653219                    /usr/lib/jvm/java-11-openjdk-amd64/lib/libnio.so
7fc25e9fc000-7fc25e9fd000 rw-p 00010000 08:06 5653219                    /usr/lib/jvm/java-11-openjdk-amd64/lib/libnio.so
7fc25e9fd000-7fc25ea01000 ---p 00000000 00:00 0 
7fc25ea01000-7fc25eafe000 rw-p 00000000 00:00 0 
7fc25eafe000-7fc25eb02000 ---p 00000000 00:00 0 
7fc25eb02000-7fc25ebff000 rw-p 00000000 00:00 0 
7fc25ebff000-7fc25ec03000 ---p 00000000 00:00 0 
7fc25ec03000-7fc25ed00000 rw-p 00000000 00:00 0 
7fc25ed00000-7fc25f800000 r--p 00000000 08:06 5642950                    /usr/lib/locale/locale-archive
7fc25f800000-7fc25fc40000 rw-p 00000000 00:00 0 
7fc25fc40000-7fc260000000 ---p 00000000 00:00 0 
7fc260000000-7fc260021000 rw-p 00000000 00:00 0 
7fc260021000-7fc264000000 ---p 00000000 00:00 0 
7fc264000000-7fc264021000 rw-p 00000000 00:00 0 
7fc264021000-7fc268000000 ---p 00000000 00:00 0 
7fc268000000-7fc268021000 rw-p 00000000 00:00 0 
7fc268021000-7fc26c000000 ---p 00000000 00:00 0 
7fc26c05e000-7fc26c062000 ---p 00000000 00:00 0 
7fc26c062000-7fc26c15f000 rw-p 00000000 00:00 0 
7fc26c15f000-7fc26c163000 ---p 00000000 00:00 0 
7fc26c163000-7fc26e408000 rw-p 00000000 00:00 0 
7fc26e408000-7fc26f128000 ---p 00000000 00:00 0 
7fc26f128000-7fc26f2d8000 rw-p 00000000 00:00 0 
7fc26f2d8000-7fc26fff8000 ---p 00000000 00:00 0 
7fc26fff8000-7fc270000000 rw-p 00000000 00:00 0 
7fc270000000-7fc270021000 rw-p 00000000 00:00 0 
7fc270021000-7fc274000000 ---p 00000000 00:00 0 
7fc274004000-7fc274008000 ---p 00000000 00:00 0 
7fc274008000-7fc274105000 rw-p 00000000 00:00 0 
7fc274105000-7fc274109000 ---p 00000000 00:00 0 
7fc274109000-7fc274206000 rw-p 00000000 00:00 0 
7fc274206000-7fc274207000 ---p 00000000 00:00 0 
7fc274207000-7fc274308000 rw-p 00000000 00:00 0 
7fc274308000-7fc274309000 ---p 00000000 00:00 0 
7fc274309000-7fc27440a000 rw-p 00000000 00:00 0 
7fc27440a000-7fc27440b000 ---p 00000000 00:00 0 
7fc27440b000-7fc274910000 rw-p 00000000 00:00 0 
7fc274910000-7fc274b80000 rwxp 00000000 00:00 0 
7fc274b80000-7fc274ea0000 ---p 00000000 00:00 0 
7fc274ea0000-7fc275110000 rwxp 00000000 00:00 0 
7fc275110000-7fc27c3d8000 ---p 00000000 00:00 0 
7fc27c3d8000-7fc27c648000 rwxp 00000000 00:00 0 
7fc27c648000-7fc283910000 ---p 00000000 00:00 0 
7fc283910000-7fc28c000000 r--s 00000000 08:06 5653228                    /usr/lib/jvm/java-11-openjdk-amd64/lib/modules
7fc28c000000-7fc28c1fc000 rw-p 00000000 00:00 0 
7fc28c1fc000-7fc290000000 ---p 00000000 00:00 0 
7fc29003b000-7fc2900bc000 rw-p 00000000 00:00 0 
7fc2900bc000-7fc2900bd000 ---p 00000000 00:00 0 
7fc2900bd000-7fc2901be000 rw-p 00000000 00:00 0 
7fc2901be000-7fc2901bf000 ---p 00000000 00:00 0 
7fc2901bf000-7fc2902f5000 rw-p 00000000 00:00 0 
7fc2902f5000-7fc290499000 ---p 00000000 00:00 0 
7fc290499000-7fc2904cf000 rw-p 00000000 00:00 0 
7fc2904cf000-7fc290673000 ---p 00000000 00:00 0 
7fc290673000-7fc2906a9000 rw-p 00000000 00:00 0 
7fc2906a9000-7fc29084d000 ---p 00000000 00:00 0 
7fc29084d000-7fc290c52000 rw-p 00000000 00:00 0 
7fc290c52000-7fc290c53000 ---p 00000000 00:00 0 
7fc290c53000-7fc290d59000 rw-p 00000000 00:00 0 
7fc290d59000-7fc290e3f000 ---p 00000000 00:00 0 
7fc290e3f000-7fc290e44000 rw-p 00000000 00:00 0 
7fc290e44000-7fc290f2a000 ---p 00000000 00:00 0 
7fc290f2a000-7fc290f2f000 r-xp 00000000 08:06 5653210                    /usr/lib/jvm/java-11-openjdk-amd64/lib/libjimage.so
7fc290f2f000-7fc29112e000 ---p 00005000 08:06 5653210                    /usr/lib/jvm/java-11-openjdk-amd64/lib/libjimage.so
7fc29112e000-7fc29112f000 r--p 00004000 08:06 5653210                    /usr/lib/jvm/java-11-openjdk-amd64/lib/libjimage.so
7fc29112f000-7fc291130000 rw-p 00005000 08:06 5653210                    /usr/lib/jvm/java-11-openjdk-amd64/lib/libjimage.so
7fc291130000-7fc291137000 r-xp 00000000 08:06 5653227                    /usr/lib/jvm/java-11-openjdk-amd64/lib/libzip.so
7fc291137000-7fc291336000 ---p 00007000 08:06 5653227                    /usr/lib/jvm/java-11-openjdk-amd64/lib/libzip.so
7fc291336000-7fc291337000 r--p 00006000 08:06 5653227                    /usr/lib/jvm/java-11-openjdk-amd64/lib/libzip.so
7fc291337000-7fc291338000 rw-p 00007000 08:06 5653227                    /usr/lib/jvm/java-11-openjdk-amd64/lib/libzip.so
7fc291338000-7fc291343000 r-xp 00000000 08:06 3936996                    /lib/x86_64-linux-gnu/libnss_files-2.27.so
7fc291343000-7fc291542000 ---p 0000b000 08:06 3936996                    /lib/x86_64-linux-gnu/libnss_files-2.27.so
7fc291542000-7fc291543000 r--p 0000a000 08:06 3936996                    /lib/x86_64-linux-gnu/libnss_files-2.27.so
7fc291543000-7fc291544000 rw-p 0000b000 08:06 3936996                    /lib/x86_64-linux-gnu/libnss_files-2.27.so
7fc291544000-7fc29154a000 rw-p 00000000 00:00 0 
7fc29154a000-7fc291561000 r-xp 00000000 08:06 3936990                    /lib/x86_64-linux-gnu/libnsl-2.27.so
7fc291561000-7fc291760000 ---p 00017000 08:06 3936990                    /lib/x86_64-linux-gnu/libnsl-2.27.so
7fc291760000-7fc291761000 r--p 00016000 08:06 3936990                    /lib/x86_64-linux-gnu/libnsl-2.27.so
7fc291761000-7fc291762000 rw-p 00017000 08:06 3936990                    /lib/x86_64-linux-gnu/libnsl-2.27.so
7fc291762000-7fc291764000 rw-p 00000000 00:00 0 
7fc291764000-7fc29176f000 r-xp 00000000 08:06 3937007                    /lib/x86_64-linux-gnu/libnss_nis-2.27.so
7fc29176f000-7fc29196e000 ---p 0000b000 08:06 3937007                    /lib/x86_64-linux-gnu/libnss_nis-2.27.so
7fc29196e000-7fc29196f000 r--p 0000a000 08:06 3937007                    /lib/x86_64-linux-gnu/libnss_nis-2.27.so
7fc29196f000-7fc291970000 rw-p 0000b000 08:06 3937007                    /lib/x86_64-linux-gnu/libnss_nis-2.27.so
7fc291970000-7fc291978000 r-xp 00000000 08:06 3936992                    /lib/x86_64-linux-gnu/libnss_compat-2.27.so
7fc291978000-7fc291b78000 ---p 00008000 08:06 3936992                    /lib/x86_64-linux-gnu/libnss_compat-2.27.so
7fc291b78000-7fc291b79000 r--p 00008000 08:06 3936992                    /lib/x86_64-linux-gnu/libnss_compat-2.27.so
7fc291b79000-7fc291b7a000 rw-p 00009000 08:06 3936992                    /lib/x86_64-linux-gnu/libnss_compat-2.27.so
7fc291b7a000-7fc291b84000 r-xp 00000000 08:06 5653201                    /usr/lib/jvm/java-11-openjdk-amd64/lib/libinstrument.so
7fc291b84000-7fc291d83000 ---p 0000a000 08:06 5653201                    /usr/lib/jvm/java-11-openjdk-amd64/lib/libinstrument.so
7fc291d83000-7fc291d84000 r--p 00009000 08:06 5653201                    /usr/lib/jvm/java-11-openjdk-amd64/lib/libinstrument.so
7fc291d84000-7fc291d85000 rw-p 0000a000 08:06 5653201                    /usr/lib/jvm/java-11-openjdk-amd64/lib/libinstrument.so
7fc291d85000-7fc291dae000 r-xp 00000000 08:06 5653206                    /usr/lib/jvm/java-11-openjdk-amd64/lib/libjava.so
7fc291dae000-7fc291fad000 ---p 00029000 08:06 5653206                    /usr/lib/jvm/java-11-openjdk-amd64/lib/libjava.so
7fc291fad000-7fc291fae000 r--p 00028000 08:06 5653206                    /usr/lib/jvm/java-11-openjdk-amd64/lib/libjava.so
7fc291fae000-7fc291fb0000 rw-p 00029000 08:06 5653206                    /usr/lib/jvm/java-11-openjdk-amd64/lib/libjava.so
7fc291fb0000-7fc291fbd000 r-xp 00000000 08:06 5653226                    /usr/lib/jvm/java-11-openjdk-amd64/lib/libverify.so
7fc291fbd000-7fc2921bc000 ---p 0000d000 08:06 5653226                    /usr/lib/jvm/java-11-openjdk-amd64/lib/libverify.so
7fc2921bc000-7fc2921be000 r--p 0000c000 08:06 5653226                    /usr/lib/jvm/java-11-openjdk-amd64/lib/libverify.so
7fc2921be000-7fc2921bf000 rw-p 0000e000 08:06 5653226                    /usr/lib/jvm/java-11-openjdk-amd64/lib/libverify.so
7fc2921bf000-7fc2921c6000 r-xp 00000000 08:06 3937047                    /lib/x86_64-linux-gnu/librt-2.27.so
7fc2921c6000-7fc2923c5000 ---p 00007000 08:06 3937047                    /lib/x86_64-linux-gnu/librt-2.27.so
7fc2923c5000-7fc2923c6000 r--p 00006000 08:06 3937047                    /lib/x86_64-linux-gnu/librt-2.27.so
7fc2923c6000-7fc2923c7000 rw-p 00007000 08:06 3937047                    /lib/x86_64-linux-gnu/librt-2.27.so
7fc2923c7000-7fc2923de000 r-xp 00000000 08:06 3932416                    /lib/x86_64-linux-gnu/libgcc_s.so.1
7fc2923de000-7fc2925dd000 ---p 00017000 08:06 3932416                    /lib/x86_64-linux-gnu/libgcc_s.so.1
7fc2925dd000-7fc2925de000 r--p 00016000 08:06 3932416                    /lib/x86_64-linux-gnu/libgcc_s.so.1
7fc2925de000-7fc2925df000 rw-p 00017000 08:06 3932416                    /lib/x86_64-linux-gnu/libgcc_s.so.1
7fc2925df000-7fc29277c000 r-xp 00000000 08:06 3936969                    /lib/x86_64-linux-gnu/libm-2.27.so
7fc29277c000-7fc29297b000 ---p 0019d000 08:06 3936969                    /lib/x86_64-linux-gnu/libm-2.27.so
7fc29297b000-7fc29297c000 r--p 0019c000 08:06 3936969                    /lib/x86_64-linux-gnu/libm-2.27.so
7fc29297c000-7fc29297d000 rw-p 0019d000 08:06 3936969                    /lib/x86_64-linux-gnu/libm-2.27.so
7fc29297d000-7fc292af6000 r-xp 00000000 08:06 5636455                    /usr/lib/x86_64-linux-gnu/libstdc++.so.6.0.25
7fc292af6000-7fc292cf6000 ---p 00179000 08:06 5636455                    /usr/lib/x86_64-linux-gnu/libstdc++.so.6.0.25
7fc292cf6000-7fc292d00000 r--p 00179000 08:06 5636455                    /usr/lib/x86_64-linux-gnu/libstdc++.so.6.0.25
7fc292d00000-7fc292d02000 rw-p 00183000 08:06 5636455                    /usr/lib/x86_64-linux-gnu/libstdc++.so.6.0.25
7fc292d02000-7fc292d06000 rw-p 00000000 00:00 0 
7fc292d06000-7fc293ddf000 r-xp 00000000 08:06 6298278                    /usr/lib/jvm/java-11-openjdk-amd64/lib/server/libjvm.so
7fc293ddf000-7fc293fde000 ---p 010d9000 08:06 6298278                    /usr/lib/jvm/java-11-openjdk-amd64/lib/server/libjvm.so
7fc293fde000-7fc29409b000 r--p 010d8000 08:06 6298278                    /usr/lib/jvm/java-11-openjdk-amd64/lib/server/libjvm.so
7fc29409b000-7fc2940d5000 rw-p 01195000 08:06 6298278                    /usr/lib/jvm/java-11-openjdk-amd64/lib/server/libjvm.so
7fc2940d5000-7fc29412b000 rw-p 00000000 00:00 0 
7fc29412b000-7fc294145000 r-xp 00000000 08:06 3937039                    /lib/x86_64-linux-gnu/libpthread-2.27.so
7fc294145000-7fc294344000 ---p 0001a000 08:06 3937039                    /lib/x86_64-linux-gnu/libpthread-2.27.so
7fc294344000-7fc294345000 r--p 00019000 08:06 3937039                    /lib/x86_64-linux-gnu/libpthread-2.27.so
7fc294345000-7fc294346000 rw-p 0001a000 08:06 3937039                    /lib/x86_64-linux-gnu/libpthread-2.27.so
7fc294346000-7fc29434a000 rw-p 00000000 00:00 0 
7fc29434a000-7fc29434d000 r-xp 00000000 08:06 3936929                    /lib/x86_64-linux-gnu/libdl-2.27.so
7fc29434d000-7fc29454c000 ---p 00003000 08:06 3936929                    /lib/x86_64-linux-gnu/libdl-2.27.so
7fc29454c000-7fc29454d000 r--p 00002000 08:06 3936929                    /lib/x86_64-linux-gnu/libdl-2.27.so
7fc29454d000-7fc29454e000 rw-p 00003000 08:06 3936929                    /lib/x86_64-linux-gnu/libdl-2.27.so
7fc29454e000-7fc29456a000 r-xp 00000000 08:06 3937078                    /lib/x86_64-linux-gnu/libz.so.1.2.11
7fc29456a000-7fc294769000 ---p 0001c000 08:06 3937078                    /lib/x86_64-linux-gnu/libz.so.1.2.11
7fc294769000-7fc29476a000 r--p 0001b000 08:06 3937078                    /lib/x86_64-linux-gnu/libz.so.1.2.11
7fc29476a000-7fc29476b000 rw-p 0001c000 08:06 3937078                    /lib/x86_64-linux-gnu/libz.so.1.2.11
7fc29476b000-7fc294952000 r-xp 00000000 08:06 3936906                    /lib/x86_64-linux-gnu/libc-2.27.so
7fc294952000-7fc294b52000 ---p 001e7000 08:06 3936906                    /lib/x86_64-linux-gnu/libc-2.27.so
7fc294b52000-7fc294b56000 r--p 001e7000 08:06 3936906                    /lib/x86_64-linux-gnu/libc-2.27.so
7fc294b56000-7fc294b58000 rw-p 001eb000 08:06 3936906                    /lib/x86_64-linux-gnu/libc-2.27.so
7fc294b58000-7fc294b5c000 rw-p 00000000 00:00 0 
7fc294b5c000-7fc294b6c000 r-xp 00000000 08:06 6170220                    /usr/lib/jvm/java-11-openjdk-amd64/lib/jli/libjli.so
7fc294b6c000-7fc294d6b000 ---p 00010000 08:06 6170220                    /usr/lib/jvm/java-11-openjdk-amd64/lib/jli/libjli.so
7fc294d6b000-7fc294d6c000 r--p 0000f000 08:06 6170220                    /usr/lib/jvm/java-11-openjdk-amd64/lib/jli/libjli.so
7fc294d6c000-7fc294d6d000 rw-p 00010000 08:06 6170220                    /usr/lib/jvm/java-11-openjdk-amd64/lib/jli/libjli.so
7fc294d6d000-7fc294d94000 r-xp 00000000 08:06 3936878                    /lib/x86_64-linux-gnu/ld-2.27.so
7fc294dfa000-7fc294e75000 rw-p 00000000 00:00 0 
7fc294e75000-7fc294e79000 ---p 00000000 00:00 0 
7fc294e79000-7fc294f78000 rw-p 00000000 00:00 0 
7fc294f7a000-7fc294f7f000 rw-p 00000000 00:00 0 
7fc294f7f000-7fc294f86000 ---p 00000000 00:00 0 
7fc294f86000-7fc294f88000 r--s 00007000 08:06 6042889                    /usr/share/java/java-atk-wrapper.jar
7fc294f88000-7fc294f90000 rw-s 00000000 08:06 2242887                    /tmp/hsperfdata_madlen/14001
7fc294f90000-7fc294f91000 ---p 00000000 00:00 0 
7fc294f91000-7fc294f92000 r--p 00000000 00:00 0 
7fc294f92000-7fc294f94000 rw-p 00000000 00:00 0 
7fc294f94000-7fc294f95000 r--p 00027000 08:06 3936878                    /lib/x86_64-linux-gnu/ld-2.27.so
7fc294f95000-7fc294f96000 rw-p 00028000 08:06 3936878                    /lib/x86_64-linux-gnu/ld-2.27.so
7fc294f96000-7fc294f97000 rw-p 00000000 00:00 0 
7ffc935de000-7ffc935ff000 rw-p 00000000 00:00 0                          [stack]
7ffc9366a000-7ffc9366d000 r--p 00000000 00:00 0                          [vvar]
7ffc9366d000-7ffc9366f000 r-xp 00000000 00:00 0                          [vdso]
ffffffffff600000-ffffffffff601000 r-xp 00000000 00:00 0                  [vsyscall]


VM Arguments:
jvm_args: -javaagent:/home/madlen/Downloads/idea-U/lib/idea_rt.jar=45281:/home/madlen/Downloads/idea-U/bin -Dfile.encoding=UTF-8 
java_command: tues.Main
java_class_path (initial): /home/madlen/TUES/11/OOP/java/Homework1/out/production/Homework1
Launcher Type: SUN_STANDARD

[Global flags]
     intx CICompilerCount                          = 3                                         {product} {ergonomic}
     uint ConcGCThreads                            = 1                                         {product} {ergonomic}
     uint G1ConcRefinementThreads                  = 4                                         {product} {ergonomic}
   size_t G1HeapRegionSize                         = 1048576                                   {product} {ergonomic}
    uintx GCDrainStackTargetSize                   = 64                                        {product} {ergonomic}
   size_t InitialHeapSize                          = 62914560                                  {product} {ergonomic}
   size_t MarkStackSize                            = 4194304                                   {product} {ergonomic}
   size_t MaxHeapSize                              = 994050048                                 {product} {ergonomic}
   size_t MaxNewSize                               = 595591168                                 {product} {ergonomic}
   size_t MinHeapDeltaBytes                        = 1048576                                   {product} {ergonomic}
    uintx NonNMethodCodeHeapSize                   = 5830732                                {pd product} {ergonomic}
    uintx NonProfiledCodeHeapSize                  = 122913754                              {pd product} {ergonomic}
    uintx ProfiledCodeHeapSize                     = 122913754                              {pd product} {ergonomic}
    uintx ReservedCodeCacheSize                    = 251658240                              {pd product} {ergonomic}
     bool SegmentedCodeCache                       = true                                      {product} {ergonomic}
     bool UseCompressedClassPointers               = true                                 {lp64_product} {ergonomic}
     bool UseCompressedOops                        = true                                 {lp64_product} {ergonomic}
     bool UseG1GC                                  = true                                      {product} {ergonomic}

Logging:
Log output configuration:
 #0: stdout all=warning uptime,level,tags
 #1: stderr all=off uptime,level,tags

Environment Variables:
PATH=/home/madlen/.local/bin:/usr/local/sbin:/usr/local/bin:/usr/sbin:/usr/bin:/sbin:/bin:/usr/games:/usr/local/games:/snap/bin
USERNAME=madlen
SHELL=/bin/bash
DISPLAY=:0

Signal Handlers:
SIGSEGV: [libjvm.so+0xdf1470], sa_mask[0]=11111111011111111101111111111110, sa_flags=SA_RESTART|SA_SIGINFO
SIGBUS: [libjvm.so+0xdf1470], sa_mask[0]=11111111011111111101111111111110, sa_flags=SA_RESTART|SA_SIGINFO
SIGFPE: [libjvm.so+0xdf1470], sa_mask[0]=11111111011111111101111111111110, sa_flags=SA_RESTART|SA_SIGINFO
SIGPIPE: [libjvm.so+0xbc5560], sa_mask[0]=11111111011111111101111111111110, sa_flags=SA_RESTART|SA_SIGINFO
SIGXFSZ: [libjvm.so+0xbc5560], sa_mask[0]=11111111011111111101111111111110, sa_flags=SA_RESTART|SA_SIGINFO
SIGILL: [libjvm.so+0xdf1470], sa_mask[0]=11111111011111111101111111111110, sa_flags=SA_RESTART|SA_SIGINFO
SIGUSR2: [libjvm.so+0xbc5400], sa_mask[0]=00100000000000000000000000000000, sa_flags=SA_RESTART|SA_SIGINFO
SIGHUP: [libjvm.so+0xbc5760], sa_mask[0]=11111111011111111101111111111110, sa_flags=SA_RESTART|SA_SIGINFO
SIGINT: [libjvm.so+0xbc5760], sa_mask[0]=11111111011111111101111111111110, sa_flags=SA_RESTART|SA_SIGINFO
SIGTERM: [libjvm.so+0xbc5760], sa_mask[0]=11111111011111111101111111111110, sa_flags=SA_RESTART|SA_SIGINFO
SIGQUIT: [libjvm.so+0xbc5760], sa_mask[0]=11111111011111111101111111111110, sa_flags=SA_RESTART|SA_SIGINFO


---------------  S Y S T E M  ---------------

OS:DISTRIB_ID=Ubuntu
DISTRIB_RELEASE=18.04
DISTRIB_CODENAME=bionic
DISTRIB_DESCRIPTION="Ubuntu 18.04.4 LTS"
uname:Linux 4.15.0-91-generic #92-Ubuntu SMP Fri Feb 28 11:09:48 UTC 2020 x86_64
libc:glibc 2.27 NPTL 2.27 
rlimit: STACK 8192k, CORE 0k, NPROC 14836, NOFILE 1048576, AS infinity, DATA infinity, FSIZE infinity
load average:23.07 9.55 6.01

/proc/meminfo:
MemTotal:        3880276 kB
MemFree:          108092 kB
MemAvailable:      40824 kB
Buffers:            5288 kB
Cached:           505180 kB
SwapCached:        10052 kB
Active:          2858604 kB
Inactive:         602932 kB
Active(anon):    2831528 kB
Inactive(anon):   566332 kB
Active(file):      27076 kB
Inactive(file):    36600 kB
Unevictable:          48 kB
Mlocked:              48 kB
SwapTotal:       2097148 kB
SwapFree:            204 kB
Dirty:                52 kB
Writeback:          1196 kB
AnonPages:       2941892 kB
Mapped:           392876 kB
Shmem:            446536 kB
Slab:             125784 kB
SReclaimable:      50140 kB
SUnreclaim:        75644 kB
KernelStack:       18704 kB
PageTables:        86208 kB
NFS_Unstable:          0 kB
Bounce:                0 kB
WritebackTmp:          0 kB
CommitLimit:     4037284 kB
Committed_AS:   14809804 kB
VmallocTotal:   34359738367 kB
VmallocUsed:           0 kB
VmallocChunk:          0 kB
HardwareCorrupted:     0 kB
AnonHugePages:         0 kB
ShmemHugePages:        0 kB
ShmemPmdMapped:        0 kB
CmaTotal:              0 kB
CmaFree:               0 kB
HugePages_Total:       0
HugePages_Free:        0
HugePages_Rsvd:        0
HugePages_Surp:        0
Hugepagesize:       2048 kB
DirectMap4k:      369408 kB
DirectMap2M:     3663872 kB


/proc/sys/kernel/threads-max (system-wide limit on the number of threads):
29673


/proc/sys/vm/max_map_count (maximum number of memory map areas a process may have):
65530


/proc/sys/kernel/pid_max (system-wide limit on number of process identifiers):
32768



container (cgroup) information:
container_type: cgroupv1
cpu_cpuset_cpus: 0-3
cpu_memory_nodes: 0
active_processor_count: 4
cpu_quota: -1
cpu_period: 100000
cpu_shares: -1
memory_limit_in_bytes: -1
memory_and_swap_limit_in_bytes: -2
memory_soft_limit_in_bytes: -1
memory_usage_in_bytes: 3544444928
memory_max_usage_in_bytes: 0

Steal ticks since vm start: 0
Steal ticks percentage since vm start:  0.000

CPU:total 4 (initial active 4) (4 cores per cpu, 1 threads per core) family 6 model 76 stepping 4, cmov, cx8, fxsr, mmx, sse, sse2, sse3, ssse3, sse4.1, sse4.2, popcnt, aes, clmul, erms, 3dnowpref, tsc, tscinvbit
CPU Model and flags from /proc/cpuinfo:
model name	: Intel(R) Pentium(R) CPU  N3710  @ 1.60GHz
flags		: fpu vme de pse tsc msr pae mce cx8 apic sep mtrr pge mca cmov pat pse36 clflush dts acpi mmx fxsr sse sse2 ss ht tm pbe syscall nx rdtscp lm constant_tsc arch_perfmon pebs bts rep_good nopl xtopology tsc_reliable nonstop_tsc cpuid aperfmperf tsc_known_freq pni pclmulqdq dtes64 monitor ds_cpl vmx est tm2 ssse3 cx16 xtpr pdcm sse4_1 sse4_2 movbe popcnt tsc_deadline_timer aes rdrand lahf_lm 3dnowprefetch epb pti ibrs ibpb stibp tpr_shadow vnmi flexpriority ept vpid tsc_adjust smep erms dtherm ida arat md_clear

Memory: 4k page, physical 3880276k(102060k free), swap 2097148k(324k free)

vm_info: OpenJDK 64-Bit Server VM (11.0.6+10-post-Ubuntu-1ubuntu118.04.1) for linux-amd64 JRE (11.0.6+10-post-Ubuntu-1ubuntu118.04.1), built on Jan 15 2020 15:14:00 by "unknown" with gcc 7.4.0

END.
